<?xml version="1.0" encoding="UTF-8"?>
<!-- Generated by org.testng.reporters.JUnitReportReporter -->
<testsuite hostname="HP" failures="0" tests="3" name="testcases.ValidateBookingTest" time="13.498" errors="0" timestamp="2023-02-26T18:58:40 IST" skipped="0">
  <testcase classname="testcases.ValidateBookingTest" name="ValidationforCheckin" time="4.570"/>
  <system-out/>
  <testcase classname="testcases.ValidateBookingTest" name="ValidationforFlightStatus" time="4.487"/>
  <system-out/>
  <testcase classname="testcases.ValidateBookingTest" name="ValidationforManagebooking" time="4.441"/>
  <system-out/>
</testsuite> <!-- testcases.ValidateBookingTest -->
