<?xml version="1.0" encoding="UTF-8"?>
<!-- Generated by org.testng.reporters.JUnitReportReporter -->
<testsuite hostname="HP" failures="0" tests="1" name="testcases.SignupTest" time="10.139" errors="0" timestamp="2023-02-26T18:58:40 IST" skipped="0">
  <testcase classname="testcases.SignupTest" name="Signup" time="10.139"/>
  <system-out/>
</testsuite> <!-- testcases.SignupTest -->
