<?xml version="1.0" encoding="UTF-8"?>
<!-- Generated by org.testng.reporters.JUnitReportReporter -->
<testsuite hostname="HP" failures="0" tests="2" name="testcases.LoginTest" time="11.507" errors="0" timestamp="2023-02-26T18:58:40 IST" skipped="0">
  <testcase classname="testcases.LoginTest" name="LoginwithValidCredentails" time="6.189"/>
  <system-out/>
  <testcase classname="testcases.LoginTest" name="LoginwithInvalidCredentials" time="5.318"/>
  <system-out/>
</testsuite> <!-- testcases.LoginTest -->
